00:00:00.004250 main     VirtualBox COM Server 6.1.18 r142142 win.amd64 (Jan  7 2021 15:32:19) release log
00:00:00.004252 main     Log opened 2021-04-21T01:03:04.538655500Z
00:00:00.004253 main     Build Type: release
00:00:00.004265 main     OS Product: Windows 10
00:00:00.004266 main     OS Release: 10.0.19041
00:00:00.004267 main     OS Service Pack: 
00:00:00.026303 main     DMI Product Name: Inspiron 5505
00:00:00.037740 main     DMI Product Version: 1.4.0
00:00:00.037749 main     Firmware type: UEFI
00:00:00.037986 main     Secure Boot: VERR_PRIVILEGE_NOT_HELD
00:00:00.038000 main     Host RAM: 7545MB (7.3GB) total, 2321MB (2.2GB) available
00:00:00.038004 main     Executable: C:\Program Files\Oracle\VirtualBox\VBoxSVC.exe
00:00:00.038004 main     Process ID: 23180
00:00:00.038005 main     Package type: WINDOWS_64BITS_GENERIC
00:00:00.179535          VirtualBox: object creation starts
00:00:00.180331          Home directory: 'C:\Users\bri23\.VirtualBox'
00:00:00.180565          Installed Drivers:
00:00:00.183744            C:\Windows\system32\DRIVERS\VBoxNetLwf.sys (Version: 6.1.18.42142)
00:00:00.185588            C:\Windows\system32\DRIVERS\VBoxUSBMon.sys (Version: 6.1.18.42142)
00:00:00.187299            C:\Windows\system32\DRIVERS\VBoxDrv.sys (Version: 6.1.18.42142)
00:00:00.189027            C:\Windows\system32\DRIVERS\VBoxNetAdp6.sys (Version: 6.1.18.42142)
00:00:00.205787          Loading settings file "C:\Users\bri23\.VirtualBox\VirtualBox.xml" with version "1.12-windows"
00:00:00.209471          usbLibGetDevices: Starting USB device enumeration
00:00:00.209779          Getting USB descriptor (id 0) failed (dwErr=31) on hub USB#ROOT_HUB30#5&2f6e09c7&0&0#{f18a0e88-c30c-11d0-8815-00a0c906bed8} port 2
00:00:00.210364          Getting USB descriptor (id 0) failed (dwErr=31) on hub USB#ROOT_HUB30#5&2f6e09c7&0&0#{f18a0e88-c30c-11d0-8815-00a0c906bed8} port 3
00:00:00.210411          Getting USB descriptor (id 0) failed (dwErr=31) on hub USB#ROOT_HUB30#5&2f6e09c7&0&0#{f18a0e88-c30c-11d0-8815-00a0c906bed8} port 4
00:00:00.211448          usbLibGetDevices: Found 3 USB devices, 0 captured
00:00:00.211684          USB: Unknown USB device detected (idVendor: 0x0bda, idProduct: 0x565a)
00:00:00.211861          USB: Unknown USB device detected (idVendor: 0x27c6, idProduct: 0x538d)
00:00:00.211871          USB: Unknown USB device detected (idVendor: 0x8087, idProduct: 0x0029)
00:00:00.328287          HostDnsMonitor: initializing
00:00:00.335821          HostDnsMonitor: updating information
00:00:00.335931          HostDnsMonitor: old information
00:00:00.335933            no server entries
00:00:00.335934            no domain set
00:00:00.335934            no search string entries
00:00:00.335935          HostDnsMonitor: new information
00:00:00.335935            server 1: 1.1.1.1
00:00:00.335936            server 2: 8.8.8.8
00:00:00.335936            no domain set
00:00:00.335937            no search string entries
00:00:00.395545          VD: VDInit finished with VINF_SUCCESS
00:00:00.398926          Loading settings file "C:\Users\bri23\VirtualBox VMs\ubuntuuu\ubuntuuu.vbox" with version "1.16-windows"
00:00:00.401214          VirtualBox: object created
00:00:01.822149          Saving settings file "C:\Users\bri23\.VirtualBox\VirtualBox.xml" with version "1.12-windows"
00:00:01.970466          Saving settings file "C:\Users\bri23\.VirtualBox\VirtualBox.xml" with version "1.12-windows"
00:00:03.081573          Launched VM: 71100336 pid: 24004 (0x5dc4) frontend: GUI/Qt name: ubuntuuu
00:00:07.880483          ERROR [COM]: aRC=VBOX_E_OBJECT_NOT_FOUND (0x80bb0001) aIID={70401eef-c8e9-466b-9660-45cb3e9979e4} aComponent={ExtPackManagerWrap} aText={No extension pack by the name 'Oracle VM VirtualBox Extension Pack' was found}, preserve=false aResultDetail=0
00:00:08.122841          ERROR [COM]: aRC=VBOX_E_IPRT_ERROR (0x80bb0005) aIID={85632c68-b5bb-4316-a900-5eb28d3413df} aComponent={SessionMachine} aText={Saved screenshot data is not available (VERR_NOT_SUPPORTED)}, preserve=false aResultDetail=-37
00:00:08.563963          Saving settings file "C:\Users\bri23\VirtualBox VMs\ubuntuuu\ubuntuuu.vbox" with version "1.16-windows"
00:00:49.229200          Saving settings file "C:\Users\bri23\VirtualBox VMs\ubuntuuu\ubuntuuu.vbox" with version "1.16-windows"
00:00:49.284030          Saving settings file "C:\Users\bri23\VirtualBox VMs\ubuntuuu\ubuntuuu.vbox" with version "1.16-windows"
00:00:50.000063 RestoreSnap Saving settings file "C:\Users\bri23\VirtualBox VMs\ubuntuuu\ubuntuuu.vbox" with version "1.16-windows"
00:00:50.017522 RestoreSnap Saving settings file "C:\Users\bri23\VirtualBox VMs\ubuntuuu\ubuntuuu.vbox" with version "1.16-windows"
00:00:50.018697          ERROR [COM]: aRC=E_ACCESSDENIED (0x80070005) aIID={ad47ad09-787b-44ab-b343-a082a3f2dfb1} aComponent={MediumWrap} aText={The object is not ready}, preserve=false aResultDetail=0
00:00:50.020306          ERROR [COM]: aRC=E_ACCESSDENIED (0x80070005) aIID={ad47ad09-787b-44ab-b343-a082a3f2dfb1} aComponent={MediumWrap} aText={The object is not ready}, preserve=false aResultDetail=0
00:00:50.022378          ERROR [COM]: aRC=E_ACCESSDENIED (0x80070005) aIID={ad47ad09-787b-44ab-b343-a082a3f2dfb1} aComponent={MediumWrap} aText={The object is not ready}, preserve=false aResultDetail=0
00:00:50.022426          ERROR [COM]: aRC=E_ACCESSDENIED (0x80070005) aIID={ad47ad09-787b-44ab-b343-a082a3f2dfb1} aComponent={MediumWrap} aText={The object is not ready}, preserve=false aResultDetail=0
00:00:50.023171 RestoreSnap Saving settings file "C:\Users\bri23\.VirtualBox\VirtualBox.xml" with version "1.12-windows"
00:00:50.023730          ERROR [COM]: aRC=E_ACCESSDENIED (0x80070005) aIID={ad47ad09-787b-44ab-b343-a082a3f2dfb1} aComponent={MediumWrap} aText={The object is not ready}, preserve=false aResultDetail=0
00:00:50.023997          ERROR [COM]: aRC=E_ACCESSDENIED (0x80070005) aIID={ad47ad09-787b-44ab-b343-a082a3f2dfb1} aComponent={MediumWrap} aText={The object is not ready}, preserve=false aResultDetail=0
00:00:50.024523          ERROR [COM]: aRC=E_ACCESSDENIED (0x80070005) aIID={ad47ad09-787b-44ab-b343-a082a3f2dfb1} aComponent={MediumWrap} aText={The object is not ready}, preserve=false aResultDetail=0
00:00:50.024746          ERROR [COM]: aRC=E_ACCESSDENIED (0x80070005) aIID={ad47ad09-787b-44ab-b343-a082a3f2dfb1} aComponent={MediumWrap} aText={The object is not ready}, preserve=false aResultDetail=0
00:00:50.025176          ERROR [COM]: aRC=E_ACCESSDENIED (0x80070005) aIID={ad47ad09-787b-44ab-b343-a082a3f2dfb1} aComponent={MediumWrap} aText={The object is not ready}, preserve=false aResultDetail=0
00:00:50.025258          ERROR [COM]: aRC=E_ACCESSDENIED (0x80070005) aIID={ad47ad09-787b-44ab-b343-a082a3f2dfb1} aComponent={MediumWrap} aText={The object is not ready}, preserve=false aResultDetail=0
00:00:50.025467          ERROR [COM]: aRC=E_ACCESSDENIED (0x80070005) aIID={ad47ad09-787b-44ab-b343-a082a3f2dfb1} aComponent={MediumWrap} aText={The object is not ready}, preserve=false aResultDetail=0
00:00:50.025728          ERROR [COM]: aRC=E_ACCESSDENIED (0x80070005) aIID={ad47ad09-787b-44ab-b343-a082a3f2dfb1} aComponent={MediumWrap} aText={The object is not ready}, preserve=false aResultDetail=0
00:00:50.025829          ERROR [COM]: aRC=E_ACCESSDENIED (0x80070005) aIID={ad47ad09-787b-44ab-b343-a082a3f2dfb1} aComponent={MediumWrap} aText={The object is not ready}, preserve=false aResultDetail=0
00:00:50.026346          ERROR [COM]: aRC=E_ACCESSDENIED (0x80070005) aIID={ad47ad09-787b-44ab-b343-a082a3f2dfb1} aComponent={MediumWrap} aText={The object is not ready}, preserve=false aResultDetail=0
00:00:50.026764          ERROR [COM]: aRC=E_ACCESSDENIED (0x80070005) aIID={ad47ad09-787b-44ab-b343-a082a3f2dfb1} aComponent={MediumWrap} aText={The object is not ready}, preserve=false aResultDetail=0
00:00:50.027068          ERROR [COM]: aRC=E_ACCESSDENIED (0x80070005) aIID={ad47ad09-787b-44ab-b343-a082a3f2dfb1} aComponent={MediumWrap} aText={The object is not ready}, preserve=false aResultDetail=0
00:00:50.028324          ERROR [COM]: aRC=E_ACCESSDENIED (0x80070005) aIID={ad47ad09-787b-44ab-b343-a082a3f2dfb1} aComponent={MediumWrap} aText={The object is not ready}, preserve=false aResultDetail=0
00:00:50.029792          ERROR [COM]: aRC=E_ACCESSDENIED (0x80070005) aIID={ad47ad09-787b-44ab-b343-a082a3f2dfb1} aComponent={MediumWrap} aText={The object is not ready}, preserve=false aResultDetail=0
00:00:50.030034          ERROR [COM]: aRC=E_ACCESSDENIED (0x80070005) aIID={ad47ad09-787b-44ab-b343-a082a3f2dfb1} aComponent={MediumWrap} aText={The object is not ready}, preserve=false aResultDetail=0
00:00:50.031752          ERROR [COM]: aRC=E_ACCESSDENIED (0x80070005) aIID={ad47ad09-787b-44ab-b343-a082a3f2dfb1} aComponent={MediumWrap} aText={The object is not ready}, preserve=false aResultDetail=0
00:00:50.033066          ERROR [COM]: aRC=E_ACCESSDENIED (0x80070005) aIID={ad47ad09-787b-44ab-b343-a082a3f2dfb1} aComponent={MediumWrap} aText={The object is not ready}, preserve=false aResultDetail=0
00:00:50.033831          ERROR [COM]: aRC=E_ACCESSDENIED (0x80070005) aIID={ad47ad09-787b-44ab-b343-a082a3f2dfb1} aComponent={MediumWrap} aText={The object is not ready}, preserve=false aResultDetail=0
00:00:50.034097          ERROR [COM]: aRC=E_ACCESSDENIED (0x80070005) aIID={ad47ad09-787b-44ab-b343-a082a3f2dfb1} aComponent={MediumWrap} aText={The object is not ready}, preserve=false aResultDetail=0
00:00:50.034633          ERROR [COM]: aRC=E_ACCESSDENIED (0x80070005) aIID={ad47ad09-787b-44ab-b343-a082a3f2dfb1} aComponent={MediumWrap} aText={The object is not ready}, preserve=false aResultDetail=0
00:00:50.034678          ERROR [COM]: aRC=E_ACCESSDENIED (0x80070005) aIID={ad47ad09-787b-44ab-b343-a082a3f2dfb1} aComponent={MediumWrap} aText={The object is not ready}, preserve=false aResultDetail=0
00:00:50.035572          ERROR [COM]: aRC=E_ACCESSDENIED (0x80070005) aIID={ad47ad09-787b-44ab-b343-a082a3f2dfb1} aComponent={MediumWrap} aText={The object is not ready}, preserve=false aResultDetail=0
00:00:50.035952          ERROR [COM]: aRC=E_ACCESSDENIED (0x80070005) aIID={ad47ad09-787b-44ab-b343-a082a3f2dfb1} aComponent={MediumWrap} aText={The object is not ready}, preserve=false aResultDetail=0
00:00:50.038171          ERROR [COM]: aRC=E_ACCESSDENIED (0x80070005) aIID={ad47ad09-787b-44ab-b343-a082a3f2dfb1} aComponent={MediumWrap} aText={The object is not ready}, preserve=false aResultDetail=0
00:00:50.038472          ERROR [COM]: aRC=E_ACCESSDENIED (0x80070005) aIID={ad47ad09-787b-44ab-b343-a082a3f2dfb1} aComponent={MediumWrap} aText={The object is not ready}, preserve=false aResultDetail=0
00:00:50.039366          ERROR [COM]: aRC=E_ACCESSDENIED (0x80070005) aIID={ad47ad09-787b-44ab-b343-a082a3f2dfb1} aComponent={MediumWrap} aText={The object is not ready}, preserve=false aResultDetail=0
00:00:51.939464          Launched VM: 71621712 pid: 17064 (0x42a8) frontend: GUI/Qt name: ubuntuuu
00:00:57.883624          ERROR [COM]: aRC=VBOX_E_OBJECT_NOT_FOUND (0x80bb0001) aIID={70401eef-c8e9-466b-9660-45cb3e9979e4} aComponent={ExtPackManagerWrap} aText={No extension pack by the name 'Oracle VM VirtualBox Extension Pack' was found}, preserve=false aResultDetail=0
00:00:58.680540          Saving settings file "C:\Users\bri23\VirtualBox VMs\ubuntuuu\ubuntuuu.vbox" with version "1.16-windows"
00:01:05.300310          Saving settings file "C:\Users\bri23\VirtualBox VMs\ubuntuuu\ubuntuuu.vbox" with version "1.16-windows"
00:02:03.096109          Saving settings file "C:\Users\bri23\VirtualBox VMs\ubuntuuu\ubuntuuu.vbox" with version "1.16-windows"
00:02:06.650314          Saving settings file "C:\Users\bri23\.VirtualBox\VirtualBox.xml" with version "1.12-windows"
00:02:06.658177          Saving settings file "C:\Users\bri23\.VirtualBox\VirtualBox.xml" with version "1.12-windows"
00:02:12.197808 main     VirtualBox: object deletion starts
00:02:12.198176 main     ERROR [COM]: aRC=VBOX_E_OBJECT_IN_USE (0x80bb000c) aIID={ad47ad09-787b-44ab-b343-a082a3f2dfb1} aComponent={MediumWrap} aText={Medium 'C:\Users\bri23\VirtualBox VMs\ubuntuuu\Snapshots\{d911d5c3-a14c-4e6b-8986-bb6698b56a1a}.vhd' cannot be closed because it is still attached to 1 virtual machines}, preserve=false aResultDetail=0
00:02:12.198223 main     ERROR [COM]: aRC=VBOX_E_OBJECT_IN_USE (0x80bb000c) aIID={ad47ad09-787b-44ab-b343-a082a3f2dfb1} aComponent={MediumWrap} aText={Medium 'C:\Users\bri23\VirtualBox VMs\ubuntuuu\ubuntuuu.vhd' cannot be closed because it is still attached to 1 virtual machines}, preserve=false aResultDetail=0
00:02:12.199236 main     HostDnsMonitor: shutting down ...
00:02:12.199262 main     HostDnsMonitor: shut down
00:02:12.200612 Watcher  ERROR [COM]: aRC=E_ACCESSDENIED (0x80070005) aIID={d0a0163f-e254-4e5b-a1f2-011cf991c38d} aComponent={VirtualBoxWrap} aText={The object is not ready}, preserve=false aResultDetail=0
00:02:12.200730 main     VirtualBox: object deleted
